<?xml version="1.0" encoding="UTF-8"?>
<testng-results ignored="0" total="1" passed="1" failed="0" skipped="0">
  <reporter-output>
  </reporter-output>
  <suite started-at="2023-10-20T12:35:49 IST" name="Default suite" finished-at="2023-10-20T12:35:50 IST" duration-ms="1603">
    <groups>
    </groups>
    <test started-at="2023-10-20T12:35:49 IST" name="Default test" finished-at="2023-10-20T12:35:50 IST" duration-ms="1603">
      <class name="Datasheet.Project_data">
        <test-method signature="data()[pri:0, instance:Datasheet.Project_data@273444fe]" started-at="2023-10-20T12:35:49 IST" name="data" finished-at="2023-10-20T12:35:50 IST" duration-ms="1492" status="PASS">
          <reporter-output>
          </reporter-output>
        </test-method> <!-- data -->
      </class> <!-- Datasheet.Project_data -->
    </test> <!-- Default test -->
  </suite> <!-- Default suite -->
</testng-results>
